app/build/intermediates/manifest_merge_blame_file/debug/manifest-merger-blame-debug-report.txt
1<?xml version="1.0" encoding="utf-8"?>
2<manifest xmlns:android="http://schemas.android.com/apk/res/android"
3    package="com.openclassrooms.entrevoisins"
4    android:versionCode="1"
5    android:versionName="1.0" >
6
7    <uses-sdk
8        android:minSdkVersion="21"
8-->src\main\AndroidManifest.xml
9        android:targetSdkVersion="28" />
9-->src\main\AndroidManifest.xml
10
11    <uses-permission android:name="android.permission.INTERNET" />
11-->src\main\AndroidManifest.xml:5:5-67
11-->src\main\AndroidManifest.xml:5:22-64
12
13    <application
13-->src\main\AndroidManifest.xml:7:5-36:19
14        android:allowBackup="true"
14-->src\main\AndroidManifest.xml:8:9-35
15        android:appComponentFactory="android.support.v4.app.CoreComponentFactory"
15-->[com.android.support:support-compat:28.0.0] AndroidManifest.xml:22:18-91
16        android:debuggable="true"
17        android:icon="@mipmap/ic_launcher"
17-->src\main\AndroidManifest.xml:9:9-43
18        android:label="@string/app_name"
18-->src\main\AndroidManifest.xml:10:9-41
19        android:networkSecurityConfig="@xml/network_security_config"
19-->src\main\AndroidManifest.xml:11:9-69
20        android:roundIcon="@mipmap/ic_launcher_round"
20-->src\main\AndroidManifest.xml:12:9-54
21        android:supportsRtl="true"
21-->src\main\AndroidManifest.xml:13:9-35
22        android:testOnly="true"
23        android:theme="@style/AppTheme" >
23-->src\main\AndroidManifest.xml:14:9-40
24        <activity
24-->src\main\AndroidManifest.xml:16:9-25:20
25            android:name="com.openclassrooms.entrevoisins.ui.neighbour_list.ListNeighbourActivity"
25-->src\main\AndroidManifest.xml:17:13-68
26            android:label="@string/app_name"
26-->src\main\AndroidManifest.xml:18:13-45
27            android:theme="@style/AppTheme.NoActionBar" >
27-->src\main\AndroidManifest.xml:19:13-56
28            <intent-filter>
28-->src\main\AndroidManifest.xml:20:13-24:29
29                <action android:name="android.intent.action.MAIN" />
29-->src\main\AndroidManifest.xml:21:17-69
29-->src\main\AndroidManifest.xml:21:25-66
30
31                <category android:name="android.intent.category.LAUNCHER" />
31-->src\main\AndroidManifest.xml:23:17-77
31-->src\main\AndroidManifest.xml:23:27-74
32            </intent-filter>
33        </activity>
34        <activity
34-->src\main\AndroidManifest.xml:26:9-32:20
35            android:name="com.openclassrooms.entrevoisins.ui.neighbour_list.NeighbourDetailActivity"
35-->src\main\AndroidManifest.xml:26:19-76
36            android:label=""
36-->src\main\AndroidManifest.xml:28:13-30
37            android:parentActivityName="com.openclassrooms.entrevoisins.ui.neighbour_list.ListNeighbourActivity"
37-->src\main\AndroidManifest.xml:29:13-82
38            android:theme="@style/AppTheme.TransparentActionBar" >
38-->src\main\AndroidManifest.xml:27:13-65
39            <meta-data
39-->src\main\AndroidManifest.xml:30:13-31:75
40                android:name="android.support.PARENT_ACTIVITY"
40-->src\main\AndroidManifest.xml:30:24-70
41                android:value=".ui.neighbour_list.ListNeighbourActivity" />
41-->src\main\AndroidManifest.xml:31:17-73
42        </activity>
43        <activity
43-->src\main\AndroidManifest.xml:33:9-35:62
44            android:name="com.openclassrooms.entrevoisins.ui.neighbour_list.AddNeighbourActivity"
44-->src\main\AndroidManifest.xml:34:13-67
45            android:label="@string/activity_new_neighbour" />
45-->src\main\AndroidManifest.xml:35:13-59
46    </application>
47
48</manifest>